<?xml version="1.0" encoding="UTF-8"?>
<!-- Generated by org.testng.reporters.JUnitXMLReporter -->
<testsuite ignored="0" hostname="DESKTOP-63FL533" failures="0" tests="10" name="Test" time="83.164" errors="0" timestamp="2022-12-21T21:12:44 EST">
  <testcase classname="HeatclinicPagesTest.HomePageTest" name="Test1" time="0.509"/>
  <testcase classname="HeatclinicPagesTest.HomePageTest" name="Test2" time="1.574"/>
  <testcase classname="HeatclinicPagesTest.HomePageTest" name="Test3" time="1.501"/>
  <testcase classname="HeatclinicPagesTest.HomePageTest" name="Test4" time="1.213"/>
  <testcase classname="HeatclinicPagesTest.HomePageTest" name="Test5" time="1.689"/>
  <testcase classname="HeatclinicPagesTest.RegisterPageTest" name="ClicOnRegisterTest" time="1.12"/>
  <testcase classname="HeatclinicPagesTest.RegisterPageTest" name="EnterLoginInforTest" time="10.92"/>
  <testcase classname="HeatclinicPagesTest.LoginPageTest" name="ClickOnLogInTest" time="0.735"/>
  <testcase classname="HeatclinicPagesTest.LoginPageTest" name="ClickOnLoginTest" time="1.752"/>
  <testcase classname="HeatclinicPagesTest.LoginPageTest" name="EnterLoginInforTest" time="6.627"/>
</testsuite> <!-- Test -->
