<?xml version="1.0" encoding="UTF-8"?>
<!-- Generated by org.testng.reporters.JUnitXMLReporter -->
<testsuite ignored="0" hostname="DESKTOP-63FL533" failures="1" tests="8" name="Command line test" time="62.781" errors="0" timestamp="2022-11-26T00:59:25 EST">
  <testcase classname="HeatclinicPagesTest.HomePageTest" name="Test1" time="0.312"/>
  <testcase classname="HeatclinicPagesTest.HomePageTest" name="Test2" time="0.991"/>
  <testcase classname="HeatclinicPagesTest.HomePageTest" name="Test3" time="0.956"/>
  <testcase classname="HeatclinicPagesTest.HomePageTest" name="Test4" time="1.932"/>
  <testcase classname="HeatclinicPagesTest.HomePageTest" name="Test5" time="1.382"/>
  <testcase classname="HeatclinicPagesTest.LoginPageTest" name="ClickOnLogInTest" time="0.566"/>
  <testcase classname="HeatclinicPagesTest.LoginPageTest" name="ClickOnLoginTest" time="1.025"/>
  <testcase classname="HeatclinicPagesTest.LoginPageTest" name="EnterLoginInforTest" time="0.712">
    <failure type="java.lang.NullPointerException" message="Cannot invoke &amp;quot;Util.NALExcelXLSReader.getRowCount(String)&amp;quot; because &amp;quot;this.reader&amp;quot; is null">
      <![CDATA[java.lang.NullPointerException: Cannot invoke "Util.NALExcelXLSReader.getRowCount(String)" because "this.reader" is null
at HeatclinicPagesTest.LoginPageTest.EnterLoginInforTest(LoginPageTest.java:52)
at java.base/java.util.ArrayList.forEach(ArrayList.java:1511)
... Removed 37 stack frames]]>
    </failure>
  </testcase> <!-- EnterLoginInforTest -->
</testsuite> <!-- Command line test -->
