<?xml version="1.0" encoding="UTF-8" ?>
<testsuite tests="8" failures="1" name="TestSuite" time="7.9" errors="0" skipped="0">
  <properties>
[...]
</properties>
  <testcase classname="HeatclinicPagesTest.HomePageTest" name="Test1" time="0.327"/>
  <testcase classname="HeatclinicPagesTest.HomePageTest" name="Test2" time="0.991"/>
  <testcase classname="HeatclinicPagesTest.HomePageTest" name="Test3" time="0.956"/>
  <testcase classname="HeatclinicPagesTest.HomePageTest" name="Test4" time="1.931"/>
  <testcase classname="HeatclinicPagesTest.HomePageTest" name="Test5" time="1.382"/>
  <testcase classname="HeatclinicPagesTest.LoginPageTest" name="ClickOnLogInTest" time="0.565"/>
  <testcase classname="HeatclinicPagesTest.LoginPageTest" name="ClickOnLoginTest" time="1.025"/>
  <testcase classname="HeatclinicPagesTest.LoginPageTest" name="EnterLoginInforTest" time="0.723">
    <failure message="Cannot invoke &quot;Util.NALExcelXLSReader.getRowCount(String)&quot; because &quot;this.reader&quot; is null" type="java.lang.NullPointerException">java.lang.NullPointerException: Cannot invoke &quot;Util.NALExcelXLSReader.getRowCount(String)&quot; because &quot;this.reader&quot; is null
	at HeatclinicPagesTest.LoginPageTest.EnterLoginInforTest(LoginPageTest.java:52)
</failure>
    <system-err>Starting Microsoft Edge WebDriver 107.0.1418.26 (801aa30e905471d971868b02ed128260f15a3a04) on port 52020
To submit feedback, report a bug, or suggest new features, please visit https://github.com/MicrosoftEdge/EdgeWebDriver

Only local connections are allowed.
Please see https://aka.ms/WebDriverSecurity for suggestions on keeping Microsoft Edge WebDriver safe.

Microsoft Edge WebDriver was started successfully.
Nov 26, 2022 12:59:20 AM org.openqa.selenium.remote.ProtocolHandshake createSession
INFO: Detected upstream dialect: W3C
Nov 26, 2022 12:59:20 AM org.openqa.selenium.devtools.CdpVersionFinder findNearestMatch
WARNING: Unable to find an exact match for CDP version 107, so returning the closest version found: 104
Nov 26, 2022 12:59:20 AM org.openqa.selenium.devtools.CdpVersionFinder findNearestMatch
INFO: Found CDP implementation for version 107 of 104
</system-err>
  </testcase>
</testsuite>