<?xml version="1.0" encoding="UTF-8"?>
<testng-results ignored="0" total="8" passed="7" failed="1" skipped="0">
  <reporter-output>
  </reporter-output>
  <suite started-at="2022-11-26T00:58:22 EST" name="Command line suite" finished-at="2022-11-26T00:59:24 EST" duration-ms="62781">
    <groups>
    </groups>
    <test started-at="2022-11-26T00:58:22 EST" name="Command line test" finished-at="2022-11-26T00:59:24 EST" duration-ms="62781">
      <class name="HeatclinicPagesTest.HomePageTest">
        <test-method is-config="true" signature="setup()[pri:0, instance:HeatclinicPagesTest.HomePageTest@305a0c5f]" started-at="2022-11-26T00:58:22 EST" name="setup" finished-at="2022-11-26T00:58:29 EST" duration-ms="7389" status="PASS">
          <reporter-output>
          </reporter-output>
        </test-method> <!-- setup -->
        <test-method signature="Test1()[pri:1, instance:HeatclinicPagesTest.HomePageTest@305a0c5f]" started-at="2022-11-26T00:58:29 EST" name="Test1" finished-at="2022-11-26T00:58:29 EST" duration-ms="312" status="PASS">
          <reporter-output>
          </reporter-output>
        </test-method> <!-- Test1 -->
        <test-method is-config="true" signature="teardown()[pri:0, instance:HeatclinicPagesTest.HomePageTest@305a0c5f]" started-at="2022-11-26T00:58:29 EST" name="teardown" finished-at="2022-11-26T00:58:30 EST" duration-ms="458" status="PASS">
          <reporter-output>
          </reporter-output>
        </test-method> <!-- teardown -->
        <test-method is-config="true" signature="setup()[pri:0, instance:HeatclinicPagesTest.HomePageTest@305a0c5f]" started-at="2022-11-26T00:58:30 EST" name="setup" finished-at="2022-11-26T00:58:36 EST" duration-ms="5978" status="PASS">
          <reporter-output>
          </reporter-output>
        </test-method> <!-- setup -->
        <test-method signature="Test2()[pri:2, instance:HeatclinicPagesTest.HomePageTest@305a0c5f]" started-at="2022-11-26T00:58:36 EST" name="Test2" finished-at="2022-11-26T00:58:37 EST" duration-ms="991" status="PASS">
          <reporter-output>
          </reporter-output>
        </test-method> <!-- Test2 -->
        <test-method is-config="true" signature="teardown()[pri:0, instance:HeatclinicPagesTest.HomePageTest@305a0c5f]" started-at="2022-11-26T00:58:37 EST" name="teardown" finished-at="2022-11-26T00:58:37 EST" duration-ms="220" status="PASS">
          <reporter-output>
          </reporter-output>
        </test-method> <!-- teardown -->
        <test-method is-config="true" signature="setup()[pri:0, instance:HeatclinicPagesTest.HomePageTest@305a0c5f]" started-at="2022-11-26T00:58:37 EST" name="setup" finished-at="2022-11-26T00:58:43 EST" duration-ms="5852" status="PASS">
          <reporter-output>
          </reporter-output>
        </test-method> <!-- setup -->
        <test-method signature="Test3()[pri:3, instance:HeatclinicPagesTest.HomePageTest@305a0c5f]" started-at="2022-11-26T00:58:43 EST" name="Test3" finished-at="2022-11-26T00:58:44 EST" duration-ms="956" status="PASS">
          <reporter-output>
          </reporter-output>
        </test-method> <!-- Test3 -->
        <test-method is-config="true" signature="teardown()[pri:0, instance:HeatclinicPagesTest.HomePageTest@305a0c5f]" started-at="2022-11-26T00:58:44 EST" name="teardown" finished-at="2022-11-26T00:58:44 EST" duration-ms="294" status="PASS">
          <reporter-output>
          </reporter-output>
        </test-method> <!-- teardown -->
        <test-method is-config="true" signature="setup()[pri:0, instance:HeatclinicPagesTest.HomePageTest@305a0c5f]" started-at="2022-11-26T00:58:44 EST" name="setup" finished-at="2022-11-26T00:58:50 EST" duration-ms="5957" status="PASS">
          <reporter-output>
          </reporter-output>
        </test-method> <!-- setup -->
        <test-method signature="Test4()[pri:4, instance:HeatclinicPagesTest.HomePageTest@305a0c5f]" started-at="2022-11-26T00:58:50 EST" name="Test4" finished-at="2022-11-26T00:58:52 EST" duration-ms="1932" status="PASS">
          <reporter-output>
          </reporter-output>
        </test-method> <!-- Test4 -->
        <test-method is-config="true" signature="teardown()[pri:0, instance:HeatclinicPagesTest.HomePageTest@305a0c5f]" started-at="2022-11-26T00:58:52 EST" name="teardown" finished-at="2022-11-26T00:58:53 EST" duration-ms="411" status="PASS">
          <reporter-output>
          </reporter-output>
        </test-method> <!-- teardown -->
        <test-method is-config="true" signature="setup()[pri:0, instance:HeatclinicPagesTest.HomePageTest@305a0c5f]" started-at="2022-11-26T00:58:53 EST" name="setup" finished-at="2022-11-26T00:59:01 EST" duration-ms="8830" status="PASS">
          <reporter-output>
          </reporter-output>
        </test-method> <!-- setup -->
        <test-method signature="Test5()[pri:5, instance:HeatclinicPagesTest.HomePageTest@305a0c5f]" started-at="2022-11-26T00:59:01 EST" name="Test5" finished-at="2022-11-26T00:59:03 EST" duration-ms="1382" status="PASS">
          <reporter-output>
          </reporter-output>
        </test-method> <!-- Test5 -->
        <test-method is-config="true" signature="teardown()[pri:0, instance:HeatclinicPagesTest.HomePageTest@305a0c5f]" started-at="2022-11-26T00:59:03 EST" name="teardown" finished-at="2022-11-26T00:59:03 EST" duration-ms="311" status="PASS">
          <reporter-output>
          </reporter-output>
        </test-method> <!-- teardown -->
      </class> <!-- HeatclinicPagesTest.HomePageTest -->
      <class name="HeatclinicPagesTest.LoginPageTest">
        <test-method is-config="true" signature="loginsetup()[pri:0, instance:HeatclinicPagesTest.LoginPageTest@72c28d64]" started-at="2022-11-26T00:59:03 EST" name="loginsetup" finished-at="2022-11-26T00:59:09 EST" duration-ms="6288" status="PASS">
          <reporter-output>
          </reporter-output>
        </test-method> <!-- loginsetup -->
        <test-method signature="ClickOnLogInTest()[pri:1, instance:HeatclinicPagesTest.LoginPageTest@72c28d64]" started-at="2022-11-26T00:59:09 EST" name="ClickOnLogInTest" finished-at="2022-11-26T00:59:10 EST" duration-ms="566" status="PASS">
          <reporter-output>
          </reporter-output>
        </test-method> <!-- ClickOnLogInTest -->
        <test-method is-config="true" signature="teardown()[pri:0, instance:HeatclinicPagesTest.LoginPageTest@72c28d64]" started-at="2022-11-26T00:59:10 EST" name="teardown" finished-at="2022-11-26T00:59:10 EST" duration-ms="220" status="PASS">
          <reporter-output>
          </reporter-output>
        </test-method> <!-- teardown -->
        <test-method is-config="true" signature="loginsetup()[pri:0, instance:HeatclinicPagesTest.LoginPageTest@72c28d64]" started-at="2022-11-26T00:59:10 EST" name="loginsetup" finished-at="2022-11-26T00:59:16 EST" duration-ms="6080" status="PASS">
          <reporter-output>
          </reporter-output>
        </test-method> <!-- loginsetup -->
        <test-method signature="ClickOnLoginTest()[pri:2, instance:HeatclinicPagesTest.LoginPageTest@72c28d64]" started-at="2022-11-26T00:59:16 EST" name="ClickOnLoginTest" finished-at="2022-11-26T00:59:17 EST" duration-ms="1025" status="PASS">
          <reporter-output>
          </reporter-output>
        </test-method> <!-- ClickOnLoginTest -->
        <test-method is-config="true" signature="teardown()[pri:0, instance:HeatclinicPagesTest.LoginPageTest@72c28d64]" started-at="2022-11-26T00:59:17 EST" name="teardown" finished-at="2022-11-26T00:59:18 EST" duration-ms="287" status="PASS">
          <reporter-output>
          </reporter-output>
        </test-method> <!-- teardown -->
        <test-method is-config="true" signature="loginsetup()[pri:0, instance:HeatclinicPagesTest.LoginPageTest@72c28d64]" started-at="2022-11-26T00:59:18 EST" name="loginsetup" finished-at="2022-11-26T00:59:24 EST" duration-ms="6043" status="PASS">
          <reporter-output>
          </reporter-output>
        </test-method> <!-- loginsetup -->
        <test-method signature="EnterLoginInforTest()[pri:3, instance:HeatclinicPagesTest.LoginPageTest@72c28d64]" started-at="2022-11-26T00:59:24 EST" name="EnterLoginInforTest" finished-at="2022-11-26T00:59:24 EST" duration-ms="712" status="FAIL">
          <exception class="java.lang.NullPointerException">
            <message>
              <![CDATA[Cannot invoke "Util.NALExcelXLSReader.getRowCount(String)" because "this.reader" is null]]>
            </message>
            <full-stacktrace>
              <![CDATA[java.lang.NullPointerException: Cannot invoke "Util.NALExcelXLSReader.getRowCount(String)" because "this.reader" is null
at HeatclinicPagesTest.LoginPageTest.EnterLoginInforTest(LoginPageTest.java:52)
at java.base/jdk.internal.reflect.NativeMethodAccessorImpl.invoke0(Native Method)
at java.base/jdk.internal.reflect.NativeMethodAccessorImpl.invoke(NativeMethodAccessorImpl.java:77)
at java.base/jdk.internal.reflect.DelegatingMethodAccessorImpl.invoke(DelegatingMethodAccessorImpl.java:43)
at java.base/java.lang.reflect.Method.invoke(Method.java:568)
at org.testng.internal.invokers.MethodInvocationHelper.invokeMethod(MethodInvocationHelper.java:139)
at org.testng.internal.invokers.TestInvoker.invokeMethod(TestInvoker.java:677)
at org.testng.internal.invokers.TestInvoker.invokeTestMethod(TestInvoker.java:221)
at org.testng.internal.invokers.MethodRunner.runInSequence(MethodRunner.java:50)
at org.testng.internal.invokers.TestInvoker$MethodInvocationAgent.invoke(TestInvoker.java:962)
at org.testng.internal.invokers.TestInvoker.invokeTestMethods(TestInvoker.java:194)
at org.testng.internal.invokers.TestMethodWorker.invokeTestMethods(TestMethodWorker.java:148)
at org.testng.internal.invokers.TestMethodWorker.run(TestMethodWorker.java:128)
at java.base/java.util.ArrayList.forEach(ArrayList.java:1511)
at org.testng.TestRunner.privateRun(TestRunner.java:806)
at org.testng.TestRunner.run(TestRunner.java:601)
at org.testng.SuiteRunner.runTest(SuiteRunner.java:433)
at org.testng.SuiteRunner.runSequentially(SuiteRunner.java:427)
at org.testng.SuiteRunner.privateRun(SuiteRunner.java:387)
at org.testng.SuiteRunner.run(SuiteRunner.java:330)
at org.testng.SuiteRunnerWorker.runSuite(SuiteRunnerWorker.java:52)
at org.testng.SuiteRunnerWorker.run(SuiteRunnerWorker.java:95)
at org.testng.TestNG.runSuitesSequentially(TestNG.java:1256)
at org.testng.TestNG.runSuitesLocally(TestNG.java:1176)
at org.testng.TestNG.runSuites(TestNG.java:1099)
at org.testng.TestNG.run(TestNG.java:1067)
at org.apache.maven.surefire.testng.TestNGExecutor.run(TestNGExecutor.java:77)
at org.apache.maven.surefire.testng.TestNGDirectoryTestSuite.executeMulti(TestNGDirectoryTestSuite.java:159)
at org.apache.maven.surefire.testng.TestNGDirectoryTestSuite.execute(TestNGDirectoryTestSuite.java:99)
at org.apache.maven.surefire.testng.TestNGProvider.invoke(TestNGProvider.java:106)
at java.base/jdk.internal.reflect.NativeMethodAccessorImpl.invoke0(Native Method)
at java.base/jdk.internal.reflect.NativeMethodAccessorImpl.invoke(NativeMethodAccessorImpl.java:77)
at java.base/jdk.internal.reflect.DelegatingMethodAccessorImpl.invoke(DelegatingMethodAccessorImpl.java:43)
at java.base/java.lang.reflect.Method.invoke(Method.java:568)
at org.apache.maven.surefire.util.ReflectionUtils.invokeMethodWithArray(ReflectionUtils.java:189)
at org.apache.maven.surefire.booter.ProviderFactory$ProviderProxy.invoke(ProviderFactory.java:165)
at org.apache.maven.surefire.booter.ProviderFactory.invokeProvider(ProviderFactory.java:85)
at org.apache.maven.surefire.booter.ForkedBooter.runSuitesInProcess(ForkedBooter.java:115)
at org.apache.maven.surefire.booter.ForkedBooter.main(ForkedBooter.java:75)
]]>
            </full-stacktrace>
          </exception> <!-- java.lang.NullPointerException -->
          <reporter-output>
          </reporter-output>
        </test-method> <!-- EnterLoginInforTest -->
        <test-method is-config="true" signature="teardown()[pri:0, instance:HeatclinicPagesTest.LoginPageTest@72c28d64]" started-at="2022-11-26T00:59:24 EST" name="teardown" finished-at="2022-11-26T00:59:24 EST" duration-ms="224" status="PASS">
          <reporter-output>
          </reporter-output>
        </test-method> <!-- teardown -->
      </class> <!-- HeatclinicPagesTest.LoginPageTest -->
    </test> <!-- Command line test -->
  </suite> <!-- Command line suite -->
</testng-results>
