-------------------------------------------------------------------------------
Test set: TestSuite
-------------------------------------------------------------------------------
Tests run: 8, Failures: 1, Errors: 0, Skipped: 0, Time elapsed: 63.966 sec <<< FAILURE!
EnterLoginInforTest(HeatclinicPagesTest.LoginPageTest)  Time elapsed: 0.723 sec  <<< FAILURE!
java.lang.NullPointerException: Cannot invoke "Util.NALExcelXLSReader.getRowCount(String)" because "this.reader" is null
	at HeatclinicPagesTest.LoginPageTest.EnterLoginInforTest(LoginPageTest.java:52)

