<?xml version="1.0" encoding="UTF-8"?>
<testng-results ignored="0" total="10" passed="10" failed="0" skipped="0">
  <reporter-output>
  </reporter-output>
  <suite started-at="2022-12-21T21:11:21 EST" name="Suite" finished-at="2022-12-21T21:12:44 EST" duration-ms="83164">
    <groups>
    </groups>
    <test started-at="2022-12-21T21:11:21 EST" name="Test" finished-at="2022-12-21T21:12:44 EST" duration-ms="83164">
      <class name="HeatclinicPagesTest.HomePageTest">
        <test-method is-config="true" signature="setup()[pri:0, instance:HeatclinicPagesTest.HomePageTest@7d4f9aae]" started-at="2022-12-21T21:11:21 EST" name="setup" finished-at="2022-12-21T21:11:34 EST" duration-ms="13150" status="PASS">
          <reporter-output>
          </reporter-output>
        </test-method> <!-- setup -->
        <test-method signature="Test1()[pri:1, instance:HeatclinicPagesTest.HomePageTest@7d4f9aae]" started-at="2022-12-21T21:11:34 EST" name="Test1" finished-at="2022-12-21T21:11:35 EST" duration-ms="509" status="PASS">
          <reporter-output>
          </reporter-output>
        </test-method> <!-- Test1 -->
        <test-method is-config="true" signature="teardown()[pri:0, instance:HeatclinicPagesTest.HomePageTest@7d4f9aae]" started-at="2022-12-21T21:11:35 EST" name="teardown" finished-at="2022-12-21T21:11:35 EST" duration-ms="220" status="PASS">
          <reporter-output>
          </reporter-output>
        </test-method> <!-- teardown -->
        <test-method is-config="true" signature="setup()[pri:0, instance:HeatclinicPagesTest.HomePageTest@7d4f9aae]" started-at="2022-12-21T21:11:35 EST" name="setup" finished-at="2022-12-21T21:11:39 EST" duration-ms="3389" status="PASS">
          <reporter-output>
          </reporter-output>
        </test-method> <!-- setup -->
        <test-method signature="Test2()[pri:2, instance:HeatclinicPagesTest.HomePageTest@7d4f9aae]" started-at="2022-12-21T21:11:39 EST" name="Test2" finished-at="2022-12-21T21:11:40 EST" duration-ms="1574" status="PASS">
          <reporter-output>
          </reporter-output>
        </test-method> <!-- Test2 -->
        <test-method is-config="true" signature="teardown()[pri:0, instance:HeatclinicPagesTest.HomePageTest@7d4f9aae]" started-at="2022-12-21T21:11:40 EST" name="teardown" finished-at="2022-12-21T21:11:40 EST" duration-ms="223" status="PASS">
          <reporter-output>
          </reporter-output>
        </test-method> <!-- teardown -->
        <test-method is-config="true" signature="setup()[pri:0, instance:HeatclinicPagesTest.HomePageTest@7d4f9aae]" started-at="2022-12-21T21:11:40 EST" name="setup" finished-at="2022-12-21T21:11:45 EST" duration-ms="4734" status="PASS">
          <reporter-output>
          </reporter-output>
        </test-method> <!-- setup -->
        <test-method signature="Test3()[pri:3, instance:HeatclinicPagesTest.HomePageTest@7d4f9aae]" started-at="2022-12-21T21:11:45 EST" name="Test3" finished-at="2022-12-21T21:11:47 EST" duration-ms="1501" status="PASS">
          <reporter-output>
          </reporter-output>
        </test-method> <!-- Test3 -->
        <test-method is-config="true" signature="teardown()[pri:0, instance:HeatclinicPagesTest.HomePageTest@7d4f9aae]" started-at="2022-12-21T21:11:47 EST" name="teardown" finished-at="2022-12-21T21:11:47 EST" duration-ms="266" status="PASS">
          <reporter-output>
          </reporter-output>
        </test-method> <!-- teardown -->
        <test-method is-config="true" signature="setup()[pri:0, instance:HeatclinicPagesTest.HomePageTest@7d4f9aae]" started-at="2022-12-21T21:11:47 EST" name="setup" finished-at="2022-12-21T21:11:51 EST" duration-ms="3985" status="PASS">
          <reporter-output>
          </reporter-output>
        </test-method> <!-- setup -->
        <test-method signature="Test4()[pri:4, instance:HeatclinicPagesTest.HomePageTest@7d4f9aae]" started-at="2022-12-21T21:11:51 EST" name="Test4" finished-at="2022-12-21T21:11:52 EST" duration-ms="1213" status="PASS">
          <reporter-output>
          </reporter-output>
        </test-method> <!-- Test4 -->
        <test-method is-config="true" signature="teardown()[pri:0, instance:HeatclinicPagesTest.HomePageTest@7d4f9aae]" started-at="2022-12-21T21:11:52 EST" name="teardown" finished-at="2022-12-21T21:11:52 EST" duration-ms="192" status="PASS">
          <reporter-output>
          </reporter-output>
        </test-method> <!-- teardown -->
        <test-method is-config="true" signature="setup()[pri:0, instance:HeatclinicPagesTest.HomePageTest@7d4f9aae]" started-at="2022-12-21T21:11:52 EST" name="setup" finished-at="2022-12-21T21:11:56 EST" duration-ms="3838" status="PASS">
          <reporter-output>
          </reporter-output>
        </test-method> <!-- setup -->
        <test-method signature="Test5()[pri:5, instance:HeatclinicPagesTest.HomePageTest@7d4f9aae]" started-at="2022-12-21T21:11:56 EST" name="Test5" finished-at="2022-12-21T21:11:58 EST" duration-ms="1689" status="PASS">
          <reporter-output>
          </reporter-output>
        </test-method> <!-- Test5 -->
        <test-method is-config="true" signature="teardown()[pri:0, instance:HeatclinicPagesTest.HomePageTest@7d4f9aae]" started-at="2022-12-21T21:11:58 EST" name="teardown" finished-at="2022-12-21T21:11:58 EST" duration-ms="268" status="PASS">
          <reporter-output>
          </reporter-output>
        </test-method> <!-- teardown -->
      </class> <!-- HeatclinicPagesTest.HomePageTest -->
      <class name="HeatclinicPagesTest.LoginPageTest">
        <test-method is-config="true" signature="loginsetup()[pri:0, instance:HeatclinicPagesTest.LoginPageTest@3c77d488]" started-at="2022-12-21T21:12:22 EST" name="loginsetup" finished-at="2022-12-21T21:12:25 EST" duration-ms="3793" status="PASS">
          <reporter-output>
          </reporter-output>
        </test-method> <!-- loginsetup -->
        <test-method signature="ClickOnLogInTest()[pri:1, instance:HeatclinicPagesTest.LoginPageTest@3c77d488]" started-at="2022-12-21T21:12:25 EST" name="ClickOnLogInTest" finished-at="2022-12-21T21:12:26 EST" duration-ms="735" status="PASS">
          <reporter-output>
          </reporter-output>
        </test-method> <!-- ClickOnLogInTest -->
        <test-method is-config="true" signature="teardown()[pri:0, instance:HeatclinicPagesTest.LoginPageTest@3c77d488]" started-at="2022-12-21T21:12:26 EST" name="teardown" finished-at="2022-12-21T21:12:26 EST" duration-ms="197" status="PASS">
          <reporter-output>
          </reporter-output>
        </test-method> <!-- teardown -->
        <test-method is-config="true" signature="loginsetup()[pri:0, instance:HeatclinicPagesTest.LoginPageTest@3c77d488]" started-at="2022-12-21T21:12:26 EST" name="loginsetup" finished-at="2022-12-21T21:12:31 EST" duration-ms="5081" status="PASS">
          <reporter-output>
          </reporter-output>
        </test-method> <!-- loginsetup -->
        <test-method signature="ClickOnLoginTest()[pri:2, instance:HeatclinicPagesTest.LoginPageTest@3c77d488]" started-at="2022-12-21T21:12:31 EST" name="ClickOnLoginTest" finished-at="2022-12-21T21:12:33 EST" duration-ms="1752" status="PASS">
          <reporter-output>
          </reporter-output>
        </test-method> <!-- ClickOnLoginTest -->
        <test-method is-config="true" signature="teardown()[pri:0, instance:HeatclinicPagesTest.LoginPageTest@3c77d488]" started-at="2022-12-21T21:12:33 EST" name="teardown" finished-at="2022-12-21T21:12:34 EST" duration-ms="317" status="PASS">
          <reporter-output>
          </reporter-output>
        </test-method> <!-- teardown -->
        <test-method is-config="true" signature="loginsetup()[pri:0, instance:HeatclinicPagesTest.LoginPageTest@3c77d488]" started-at="2022-12-21T21:12:34 EST" name="loginsetup" finished-at="2022-12-21T21:12:38 EST" duration-ms="4008" status="PASS">
          <reporter-output>
          </reporter-output>
        </test-method> <!-- loginsetup -->
        <test-method signature="EnterLoginInforTest()[pri:3, instance:HeatclinicPagesTest.LoginPageTest@3c77d488]" started-at="2022-12-21T21:12:38 EST" name="EnterLoginInforTest" finished-at="2022-12-21T21:12:44 EST" duration-ms="6627" status="PASS">
          <reporter-output>
          </reporter-output>
        </test-method> <!-- EnterLoginInforTest -->
        <test-method is-config="true" signature="teardown()[pri:0, instance:HeatclinicPagesTest.LoginPageTest@3c77d488]" started-at="2022-12-21T21:12:44 EST" name="teardown" finished-at="2022-12-21T21:12:44 EST" duration-ms="203" status="PASS">
          <reporter-output>
          </reporter-output>
        </test-method> <!-- teardown -->
      </class> <!-- HeatclinicPagesTest.LoginPageTest -->
      <class name="HeatclinicPagesTest.RegisterPageTest">
        <test-method is-config="true" signature="RegisterPageTestsetup()[pri:0, instance:HeatclinicPagesTest.RegisterPageTest@71ba6d4e]" started-at="2022-12-21T21:11:58 EST" name="RegisterPageTestsetup" finished-at="2022-12-21T21:12:03 EST" duration-ms="5408" status="PASS">
          <reporter-output>
          </reporter-output>
        </test-method> <!-- RegisterPageTestsetup -->
        <test-method signature="ClicOnRegisterTest()[pri:1, instance:HeatclinicPagesTest.RegisterPageTest@71ba6d4e]" started-at="2022-12-21T21:12:03 EST" name="ClicOnRegisterTest" finished-at="2022-12-21T21:12:05 EST" duration-ms="1120" status="PASS">
          <reporter-output>
          </reporter-output>
        </test-method> <!-- ClicOnRegisterTest -->
        <test-method is-config="true" signature="teardown()[pri:0, instance:HeatclinicPagesTest.RegisterPageTest@71ba6d4e]" started-at="2022-12-21T21:12:05 EST" name="teardown" finished-at="2022-12-21T21:12:05 EST" duration-ms="240" status="PASS">
          <reporter-output>
          </reporter-output>
        </test-method> <!-- teardown -->
        <test-method is-config="true" signature="RegisterPageTestsetup()[pri:0, instance:HeatclinicPagesTest.RegisterPageTest@71ba6d4e]" started-at="2022-12-21T21:12:05 EST" name="RegisterPageTestsetup" finished-at="2022-12-21T21:12:10 EST" duration-ms="5611" status="PASS">
          <reporter-output>
          </reporter-output>
        </test-method> <!-- RegisterPageTestsetup -->
        <test-method signature="EnterLoginInforTest()[pri:3, instance:HeatclinicPagesTest.RegisterPageTest@71ba6d4e]" started-at="2022-12-21T21:12:10 EST" name="EnterLoginInforTest" finished-at="2022-12-21T21:12:21 EST" duration-ms="10920" status="PASS">
          <reporter-output>
          </reporter-output>
        </test-method> <!-- EnterLoginInforTest -->
        <test-method is-config="true" signature="teardown()[pri:0, instance:HeatclinicPagesTest.RegisterPageTest@71ba6d4e]" started-at="2022-12-21T21:12:21 EST" name="teardown" finished-at="2022-12-21T21:12:22 EST" duration-ms="256" status="PASS">
          <reporter-output>
          </reporter-output>
        </test-method> <!-- teardown -->
      </class> <!-- HeatclinicPagesTest.RegisterPageTest -->
    </test> <!-- Test -->
  </suite> <!-- Suite -->
</testng-results>
